<?xml version="1.0" encoding="UTF-8"?>
<!-- Generated by org.testng.reporters.JUnitXMLReporter -->
<testsuite hostname="LAPTOP-1HTUTEUR" ignored="0" name="Test3" tests="1" failures="0" timestamp="12 Jun 2021 05:17:38 GMT" time="0.009" errors="0">
  <testcase name="@BeforeClass setUp" time="0.001" classname="testng.basefile">
    <failure type="java.lang.NullPointerException">
      <![CDATA[java.lang.NullPointerException
at testng.basefile.setUp(basefile.java:43)
... Removed 26 stack frames]]>
    </failure>
  </testcase> <!-- @BeforeClass setUp -->
  <testcase name="@AfterClass tearDown" time="0.0" classname="testng.basefile">
    <skipped/>
  </testcase> <!-- @AfterClass tearDown -->
  <testcase name="amazon" time="0.0" classname="testng.Amazon">
    <skipped/>
  </testcase> <!-- amazon -->
</testsuite> <!-- Test3 -->
